commit d275473c94fc2d32d9896376fd1567b8deb38e13
Author: Tehreem <fatima.tehreem@gmail.com>
Date:   Thu Feb 19 19:53:03 2015 -0600

    Repo clean up and all files fixed

commit 485cb29cf6cc8a89d325d48c190ebc75cb11d896
Author: Tehreem <fatima.tehreem@gmail.com>
Date:   Thu Feb 19 18:58:46 2015 -0600

    TestNEtflix.py indentation fixed but caches crashing for Netflix.py

commit 611431eff0498146a4609b1d825f9d3dfa93f892
Author: Tehreem <fatima.tehreem@gmail.com>
Date:   Thu Feb 19 18:43:07 2015 -0600

    changed TestNetflix.py but still needs fixing

commit 81b265f490e0f32ea99f909841ce74a70565bd23
Author: Tehreem <fatima.tehreem@gmail.com>
Date:   Thu Feb 19 18:21:28 2015 -0600

    Final commit with updated git log

commit 20a51470498ab0542f1efc1843224c6650a63ad3
Author: Tehreem <fatima.tehreem@gmail.com>
Date:   Thu Feb 19 18:19:17 2015 -0600

    Minor changes to Netflix.py for formatting output

commit a78d1a74f58a1d30b74aa66efc0f41dd0bc70940
Author: josebigio <sirownsalot@gmail.com>
Date:   Thu Feb 19 17:48:46 2015 -0600

    pushibg

commit 1336ec478419cc9c72d82ef3fe900cd4069edb0f
Author: Jose Bigio <sirownsalot@gmail.com>
Date:   Wed Feb 18 21:57:33 2015 -0600

    close #16, close #15, close #9

commit a2bd75c7b678d4dd6bdbc3deb6916f16a1c6aabf
Author: Jose Bigio <sirownsalot@gmail.com>
Date:   Wed Feb 18 21:49:52 2015 -0600

    removed probe.txt

commit 576911660e6c0d15175b8158c1082e7e86879b2f
Author: Jose Bigio <sirownsalot@gmail.com>
Date:   Wed Feb 18 21:42:34 2015 -0600

    generated pydoc. close #18

commit da45833c38ff6f35444e08bfe31cb2898f22c74a
Author: Jose Bigio <sirownsalot@gmail.com>
Date:   Wed Feb 18 21:33:15 2015 -0600

    ran coverage3

commit 265d3209a4d44d2b9d01cc380cf21849d4420004
Author: Jose Bigio <sirownsalot@gmail.com>
Date:   Wed Feb 18 21:22:41 2015 -0600

    removed more files

commit b9ade7111c006deff4646a809c73f2443130c2bf
Author: Jose Bigio <sirownsalot@gmail.com>
Date:   Wed Feb 18 21:13:36 2015 -0600

    d

commit 5f17e5c09a015d6dc3526d09b817f0331f92dfc3
Merge: 3e8950f 27acd30
Author: Jose Bigio <sirownsalot@gmail.com>
Date:   Wed Feb 18 21:12:01 2015 -0600

    Merge branch 'master' of github.com:tfsyed/cs373-netflix

commit 3e8950f06cb5c02c3dfd9b962715b24fc71bc55a
Author: Jose Bigio <sirownsalot@gmail.com>
Date:   Wed Feb 18 21:11:45 2015 -0600

    deleted caches folder

commit 27acd30e00f4ca82e234faf6f9e2f93df95dd241
Merge: 7d05333 999443b
Author: tfsyed <tehreemsyed@wireless-10-147-207-89.public.utexas.edu>
Date:   Wed Feb 18 21:02:35 2015 -0600

    pushing to work on lab machines

commit 7d053335ad6bc9cdc3a9dc6ac93118b4c0156680
Author: tfsyed <tehreemsyed@wireless-10-147-207-89.public.utexas.edu>
Date:   Wed Feb 18 21:01:18 2015 -0600

    merging

commit 999443b82073d9d9478222336209eb7ad316191e
Author: Jose Bigio <sirownsalot@gmail.com>
Date:   Wed Feb 18 20:18:10 2015 -0600

    hard-wired the caches to the TA's folder

commit 61b54ca505ef7164f8472d155027b69bee0166df
Author: Jose Bigio <sirownsalot@gmail.com>
Date:   Wed Feb 18 00:07:25 2015 -0600

    Delete acceptanceTestBuilder.py

commit da8d2b937ab7a11be7bee4ed54488631170c3f27
Author: Jose Bigio <sirownsalot@gmail.com>
Date:   Wed Feb 18 00:07:16 2015 -0600

    Delete qualifying.txt

commit dc31bc639379a38f742efea2c9ddf50bfb87f5ec
Author: Jose Bigio <sirownsalot@gmail.com>
Date:   Wed Feb 18 00:07:00 2015 -0600

    Delete movieYearCache.py

commit 4ffc072ba38f1323aa68f9b927f9d10747e20a50
Author: Jose Bigio <sirownsalot@gmail.com>
Date:   Wed Feb 18 00:06:47 2015 -0600

    Delete testInput.txt

commit 68ee4bf7cd6d5bbcabbdfe982afe961f6802a4d8
Author: josebigio <sirownsalot@gmail.com>
Date:   Wed Feb 18 00:05:49 2015 -0600

    deleted files

commit 3bdf63fda2f0e4be397603dfd1350c7a0a29c356
Author: josebigio <sirownsalot@gmail.com>
Date:   Wed Feb 18 00:03:36 2015 -0600

    cleaned up the repo a lot

commit b4f245d4f6eed1a3d0258874b0d020d0fd2c626e
Author: josebigio <sirownsalot@gmail.com>
Date:   Tue Feb 17 23:57:37 2015 -0600

    removed extra files

commit 6d7927d88aafeeb2413b6d7ac20cabfa4b21481f
Author: josebigio <sirownsalot@gmail.com>
Date:   Tue Feb 17 23:47:57 2015 -0600

    cleaned up the repo and separated Netflix.py into Netflix.py+RunNetflix.py

commit fa88b7a35be46528efc350dcdf14023c98111abd
Author: josebigio <sirownsalot@gmail.com>
Date:   Tue Feb 17 21:39:20 2015 -0600

    added printing and reading methods. Naturally, created 3 test cases for each

commit 591458ff3a94aa8722ee8c8e81807d98b8ffd17c
Author: josebigio <sirownsalot@gmail.com>
Date:   Tue Feb 17 20:47:09 2015 -0600

    cleaned up unnessesary files

commit 7232a11085b1e4ce3164f2f09a9dabce7a79585d
Author: josebigio <sirownsalot@gmail.com>
Date:   Mon Feb 16 19:24:24 2015 -0600

    got it down to 0.94git add .git add .

commit 52b7354933a1209685b61ee8917a3320926da33b
Author: josebigio <sirownsalot@gmail.com>
Date:   Mon Feb 16 17:55:22 2015 -0600

    added a year-avg cache

commit 5a7c47fadd3845185062e92d2c2efbd3f3051369
Author: josebigio <sirownsalot@gmail.com>
Date:   Mon Feb 16 15:24:06 2015 -0600

    added more to git ignore

commit b1851bbaab8c239459b031a543ea4ca65eaaf947
Merge: aa75920 64f15d0
Author: josebigio <sirownsalot@gmail.com>
Date:   Mon Feb 16 15:23:16 2015 -0600

    Merge branch 'master' of https://github.com/tfsyed/cs373-netflix
    merging

commit aa759205986c3225a6822838e1e92fcb853580a2
Author: josebigio <sirownsalot@gmail.com>
Date:   Mon Feb 16 15:22:57 2015 -0600

    added git ignores

commit 64f15d0070c5d1dadd75678f35b4c1591239509c
Author: tfsyed <tehreemsyed@wireless-10-147-52-59.public.utexas.edu>
Date:   Mon Feb 16 15:22:01 2015 -0600

    Added userRatingAveragedOver10yInterval cache

commit e0dddd3970d3e465567b2e185d92f8ee6a18d200
Author: Jose Bigio <sirownsalot@gmail.com>
Date:   Mon Feb 16 15:15:56 2015 -0600

    Update Netflix.py

commit 4e3b0b228cb6c88f4e713154be7e22a1dfe4f797
Author: Jose Bigio <sirownsalot@gmail.com>
Date:   Mon Feb 16 15:13:01 2015 -0600

    Delete please.txt

commit b5b8de8132bfab27aa3c31fc060d024322534b07
Author: Jose Bigio <sirownsalot@gmail.com>
Date:   Mon Feb 16 15:12:50 2015 -0600

    Delete yearlyMovieAverage.json

commit 01c4126cf241092a27f0efa25803408ea4356eb2
Author: Jose Bigio <sirownsalot@gmail.com>
Date:   Mon Feb 16 15:12:41 2015 -0600

    Delete yearAverageCacheBuilder.py

commit 4f844f9bba4e727ba05457b51147ca9270b3c191
Author: Jose Bigio <sirownsalot@gmail.com>
Date:   Mon Feb 16 15:12:32 2015 -0600

    Delete yearAverageCache.json

commit fa78ff186ffe804b16fc7e42e00555f90b0f5c08
Author: Jose Bigio <sirownsalot@gmail.com>
Date:   Mon Feb 16 15:12:08 2015 -0600

    Delete userYearAverageCacheBuilder.py

commit b88c3a670ea260e65bf9e3e38df076c0ef6abb51
Author: Jose Bigio <sirownsalot@gmail.com>
Date:   Mon Feb 16 15:11:35 2015 -0600

    Delete tester.py

commit 4bd8e30b589e6820481ef45d078c9c90c9f072fa
Author: Jose Bigio <sirownsalot@gmail.com>
Date:   Mon Feb 16 15:11:08 2015 -0600

    Delete test.out

commit 23e518c2cc3de7bdf8f7dad4bb99ed41627ff45d
Author: Jose Bigio <sirownsalot@gmail.com>
Date:   Mon Feb 16 15:08:19 2015 -0600

    Delete yearlyMovieCache.json

commit 6d56958ba6a8c751ecdc0e68ab665372755defe3
Author: Jose Bigio <sirownsalot@gmail.com>
Date:   Mon Feb 16 15:08:04 2015 -0600

    Delete work.txt

commit f0b2d52b55f53f0d3f06a4e6793c2ca7de7fd41e
Author: Jose Bigio <sirownsalot@gmail.com>
Date:   Mon Feb 16 15:07:37 2015 -0600

    Delete lol.txt

commit d467c94fcef989f35a10a631a341df18c3b7dee1
Author: Jose Bigio <sirownsalot@gmail.com>
Date:   Mon Feb 16 15:07:17 2015 -0600

    Delete result_old.txt

commit 2d0e46cf37562e1d74f7d162f5e3bce036743c4d
Author: Jose Bigio <sirownsalot@gmail.com>
Date:   Mon Feb 16 15:05:25 2015 -0600

    Delete cacheInit.out

commit 5ca1aea4cabaf681f663021d13719a4ba9dce2a9
Author: Jose Bigio <sirownsalot@gmail.com>
Date:   Mon Feb 16 15:05:03 2015 -0600

    Delete YearlyAverages.py

commit 32e0c0d2ad5d6d4e60922f2170544858b62275b9
Author: Jose Bigio <sirownsalot@gmail.com>
Date:   Mon Feb 16 15:03:05 2015 -0600

    Delete Netflix.pyc.orig

commit c9b2cb156806bd9274f8187f142f029aabb1dee7
Author: Jose Bigio <sirownsalot@gmail.com>
Date:   Mon Feb 16 15:02:49 2015 -0600

    Delete Netflix.py.orig

commit 254266f73dd764a51861460a6b4b95eae85e089e
Author: tfsyed <tehreemsyed@wireless-10-147-52-59.public.utexas.edu>
Date:   Mon Feb 16 14:53:15 2015 -0600

    Cleaned code and syncing repo

commit f2e0312afa9806ad953d1e3c283a1dd6009daf93
Author: tfsyed <tehreemsyed@wireless-10-147-52-59.public.utexas.edu>
Date:   Mon Feb 16 14:35:57 2015 -0600

    Synchronizing repos and resolving merge conflicts

commit a62d4fe9a99cc909ff5c961aacf0e53152988bd6
Merge: bde0e2c b128fb1
Author: josebigio <sirownsalot@gmail.com>
Date:   Mon Feb 16 14:28:51 2015 -0600

    syncing

commit bde0e2cef9942c638da355e874b66fe4f0564c86
Author: josebigio <sirownsalot@gmail.com>
Date:   Mon Feb 16 14:21:03 2015 -0600

    syncronizing

commit b128fb13463b210f397503e19739efe63ad005e5
Author: tfsyed <tehreemsyed@Tehreems-MacBook-Pro.local>
Date:   Sun Feb 15 01:21:06 2015 -0600

    closes #14. RMSE dropped from 1.02 to 0.97

commit 6190aca7a4be9aaed0a5ff82837c9258a5a2837f
Author: josebigio <sirownsalot@gmail.com>
Date:   Fri Feb 13 23:20:07 2015 -0600

    built a year-average cache

commit c28b6f3e75c7bb5d0045dd7a2e3eb7150f94b787
Author: josebigio <sirownsalot@gmail.com>
Date:   Fri Feb 13 21:26:50 2015 -0600

    created a movie-year cache

commit 2026e9bd1ba32a3ef78b9eab14fd25d4ced2102d
Merge: cc0f056 455e423
Author: josebigio <sirownsalot@gmail.com>
Date:   Fri Feb 13 20:12:14 2015 -0600

    synch

commit cc0f056280ad4c35a094f4552b2ff108cf22e057
Author: josebigio <sirownsalot@gmail.com>
Date:   Fri Feb 13 20:09:36 2015 -0600

    synch

commit 455e423698386a9beec170533053a285030bfffd
Author: tfsyed <tehreemsyed@wireless-10-147-170-21.public.utexas.edu>
Date:   Fri Feb 13 20:09:08 2015 -0600

    Fixed test 2 for getRMSE

commit 869a3c1645b2f590ba3322395147256b97cab4e2
Merge: 858a8d2 52c8bb7
Author: josebigio <sirownsalot@gmail.com>
Date:   Fri Feb 13 20:05:35 2015 -0600

    syncronizing

commit 858a8d2055913bf262dbb56a052c9771e4bc24a4
Author: josebigio <sirownsalot@gmail.com>
Date:   Fri Feb 13 19:58:15 2015 -0600

    syncronizing

commit 52c8bb719b6bc2d23f8a8e21e0ebb8d3f3064584
Author: tfsyed <tehreemsyed@wireless-10-147-170-21.public.utexas.edu>
Date:   Fri Feb 13 19:57:45 2015 -0600

    closes #10. Basic Implementation in place and passes first round of unit tests

commit dd2f6d3d1788e08105a5b9a70ddadb43ea47e944
Author: josebigio <sirownsalot@gmail.com>
Date:   Fri Feb 13 18:53:31 2015 -0600

    improved the test cases

commit 989ecfca9457ec195c1ae73571f473af428ea617
Author: tfsyed <tehreemsyed@wireless-10-147-158-17.public.utexas.edu>
Date:   Wed Feb 11 22:03:38 2015 -0600

    Synchronizing

commit 728b66bd8b810b520614e7423bf87edb42ecadc5
Author: josebigio <sirownsalot@gmail.com>
Date:   Wed Feb 11 21:50:30 2015 -0600

    added acceptance tests

commit bbbdffe3e139dc36eacc2e24661d37131cf48aea
Author: josebigio <sirownsalot@gmail.com>
Date:   Wed Feb 11 17:55:03 2015 -0600

    defined functions

commit 6479ca14070fe065b0fed8c001101224c3a26701
Author: josebigio <sirownsalot@gmail.com>
Date:   Wed Feb 11 17:36:38 2015 -0600

    created a simple solution

commit d80466e36f2250866654ff914480829ba21338db
Author: tfsyed <tehreemsyed@wireless-10-147-158-17.public.utexas.edu>
Date:   Wed Feb 11 16:17:39 2015 -0600

    closes #1, closes #2, close #3, closes #4, closes #8, Initial repo setting up.Also, created new files to get started.

commit 5937b2cc560c04a2b0e470fcf1010d9d06496579
Author: josebigio <sirownsalot@gmail.com>
Date:   Wed Feb 11 15:47:52 2015 -0600

    added the downloaded files

commit 2977cb8f5b9edbf8150d019b0e10af40269d8ae7
Author: tfsyed <fatima.tehreem@gmail.com>
Date:   Mon Feb 9 20:56:07 2015 -0600

    Initial commit
