14538:
3.7
2.7
3.6
3.5
3.2
3.3
3.7
3.6
3.4
3.6
3.6
4.2
3.5
3.0
2.7
3.4
3.3
3.4
3.3
4.1
8059:
3.2
3.0
3.2
3.5
12917:
2.8
12109:
5.0
5.0
5.0
3.5
4.8
3.8
4.1
4.1
880:
3.8
4.1
3.4
4.6
3.7
3.9
4.1
4.3
4.3
3.8
4.0
3.9
4.4
3.4
3.7
4.3
3.7
4.4
4.1
4.0
12045:
3.3
3.5
2.3
11067:
2.3
3.3
3.0
3199:
2.4
3.1
7765:
4.4
13386:
2.5
4.2
3.2
2.5
4.1
10859:
3.5
4.3
3.9
4.5
3.8
4.7
3.4
4.1
4.1
4.0
8408:
2.7
16949:
3.3
9419:
4.0
8941:
4.0
3.6
3.1
14736:
2.6
1555:
3.3
3.0
11354:
4.1
2.7
3.6
3.7
3.6
3.6
3.6
3.7
2.8
3.5
3.3
2.7
14347:
3.1
2171:
3.0
3.5
3.4
3.5
3.9
3.6
3.7
3.7
3.3
3.1
3.4
2.6
3.1
4.2
3.8
4.3
4.1
3.8
4.2
3.3
RMSE: 0.94
